Operator		Date		tubeID		Length	Density	Frequency Tension	TError	   SHIPMENT   T(db)[g]				         MSU 1st T  MSU T[g]
K.Ream  	31-01-2023 10:24:42	MSU19784	1624.70	38.50	93.00	358.762386	1.072927  2023-01-20  347.849  DATA/tension_20230131_104907.log	 2023/01/09  355.45
K.Ream  	31-01-2023 09:37:47	MSU19793	1624.61	38.50	91.67	348.510420	1.054560  2023-01-20  337.971  DATA/tension_20230131_104907.log	 2023/01/09  344.31
Saarthak	15-02-2023 12:40:18	MSU19795	1624.25	38.50	93.67	363.722801	1.081498  2023-01-20  352.879  DATA/tension_20230215_135738.log	 2023/01/09  359.20
K.Ream  	31-01-2023 09:41:21	MSU19800	1624.81	38.50	93.00	358.810967	1.073072  2023-01-20  347.849  DATA/tension_20230131_104907.log	 2023/01/09  355.45
K.Ream  	31-01-2023 09:49:44	MSU20477	1624.69	38.50	92.33	353.632921	1.063774  2023-01-20  342.855  DATA/tension_20230131_104907.log	 2023/01/05  348.00
K.Ream  	31-01-2023 10:36:20	MSU20563	1624.74	38.50	93.00	358.780051	1.072980  2023-01-12  347.849  DATA/tension_20230131_104907.log	 2022/12/27  355.45
K.Ream  	31-01-2023 10:36:50	MSU20723	1624.80	38.50	92.33	353.680808	1.063918  2023-01-20  342.855  DATA/tension_20230131_104907.log	 2022/12/15  348.00
Saarthak	15-02-2023 13:50:24	MSU20724	1624.63	38.50	91.33	345.988926	1.050042  2023-02-03  335.469  DATA/tension_20230215_135738.log	 2022/12/15  344.31
Saarthak	15-02-2023 13:18:57	MSU20735	1624.45	38.50	91.67	348.441777	1.054352  2023-02-03  337.971  DATA/tension_20230215_135738.log	 2022/12/15  344.31
K.Ream  	01-02-2023 09:33:43	MSU20736	1624.25	38.50	91.67	348.355983	1.054093  2023-01-26  337.971  DATA/tension_20230201_101559.log	 2022/12/15  348.00
K.Ream  	31-01-2023 10:08:54	MSU20737	1624.35	38.50	92.00	350.937296	1.058772  2023-01-20  340.409  DATA/tension_20230131_104907.log	 2022/12/15  348.00
Saarthak	15-02-2023 13:51:36	MSU20739	1624.34	38.50	91.00	343.345459	1.045132  2023-02-03  333.049  DATA/tension_20230215_135738.log	 2022/12/15  344.31
K.Ream  	01-02-2023 09:32:52	MSU20745	1624.40	38.50	92.00	350.958901	1.058837  2023-01-26  340.409  DATA/tension_20230201_101559.log	 2022/12/15  348.00
K.Ream  	31-01-2023 10:32:39	MSU20748	1624.51	38.50	92.67	356.111916	1.068104  2023-01-20  345.385  DATA/tension_20230131_104907.log	 2022/12/15  351.72
K.Ream  	31-01-2023 09:56:19	MSU20769	1624.44	38.50	92.00	350.976186	1.058889  2023-01-20  340.409  DATA/tension_20230131_104907.log	 2022/12/21  348.00
K.Ream  	31-01-2023 10:05:19	MSU20795	1624.46	38.50	92.33	353.532804	1.063473  2023-01-20  342.855  DATA/tension_20230131_104907.log	 2022/12/27  344.31
K.Ream  	31-01-2023 10:19:10	MSU20798	1624.17	38.50	92.33	353.406589	1.063094  2023-01-20  342.855  DATA/tension_20230131_104907.log	 2022/12/27  344.31
K.Ream  	01-02-2023 09:26:44	MSU20837	1624.31	38.50	92.33	353.467518	1.063277  2023-01-26  342.855  DATA/tension_20230201_101559.log	 2022/12/15  348.00
K.Ream  	13-01-2023 15:55:40	MSU20855	1624.37	38.50	91.67	348.41		1.054248  2023-01-05  337.971  DATA/tension_20230113_162017.log	 2022/12/05  348.00
Saarthak	15-02-2023 12:57:58	MSU20871	1624.62	38.50	91.33	345.984667	1.050029  2023-02-03  335.469  DATA/tension_20230215_135738.log	 2022/12/02  340.64
Saarthak	15-02-2023 13:04:28	MSU20874	1624.43	38.50	91.67	348.433197	1.054326  2023-02-03  337.971  DATA/tension_20230215_135738.log	 2022/12/02  340.64
E.Carpenter	12-01-2023 10:18:01	MSU20908	1624.27	38.50	91.67	348.364562	1.054119  2022-11-22  337.971  DATA/tension_20230112_112250.log	 2022/11/08  344.31
Bob		30-11-2022 16:32:04	MSU20973	1624.22	38.50	92.33	353.428349	1.063159  2022-11-15  342.855  DATA/tension_20221130_165923.log	 2022/11/07  348.00
E.Carpenter	12-01-2023 10:20:34	MSU21110	1624.57	38.50	92.33	353.580684	1.063617  2022-11-22  342.855  DATA/tension_20230112_112250.log	 2022/11/02  351.72
Saarthak	15-02-2023 13:01:05	MSU21194	1624.82	38.50	92.33	353.689516	1.063944  2023-02-03  342.855  DATA/tension_20230215_135738.log	 2022/11/01  348.00
K.Ream  	31-01-2023 10:19:37	MSU21998	1624.91	38.50	93.33	361.432183	1.077786  2023-01-20  350.322  DATA/tension_20230131_104907.log	 2022/11/02  348.00
K.Ream  	31-01-2023 09:46:15	MSU22012	1624.78	38.50	93.00	358.797717	1.073033  2023-01-20  347.849  DATA/tension_20230131_104907.log	 2022/12/02  355.45
K.Ream  	31-01-2023 10:31:03	MSU22082	1624.56	38.50	92.00	351.028042	1.059046  2023-01-20  340.409  DATA/tension_20230131_104907.log	 2022/11/29  348.00
E.Carpenter	18-01-2023 16:48:45	MSU22101	1624.39	38.50	91.00	343.366597	1.045196  2022-12-01  333.049  DATA/tension_20230118_165442.log	 2022/11/16  336.99
E.Carpenter	12-01-2023 10:28:22	MSU22131	1624.35	38.50	91.67	348.398879	1.054222  2022-11-22  337.971  DATA/tension_20230112_112250.log	 2022/11/09  344.31
E.Carpenter	19-01-2023 15:39:07	MSU22417	1624.28	38.50	91.67	348.368852	1.054132  2022-11-22  337.971  DATA/tension_20230119_164130.log	 2022/11/17  348.00
E.Carpenter	18-01-2023 16:47:30	MSU22436	1624.39	38.50	91.33	345.886710	1.049732  2022-12-01  335.469  DATA/tension_20230118_165442.log	 2022/11/18  340.64
K.Ream  	31-01-2023 09:54:58	MSU22587	1624.65	38.50	93.00	358.740304	1.072861  2023-01-20  347.849  DATA/tension_20230131_104907.log	 2022/12/02  355.45
K.Ream  	31-01-2023 10:08:23	MSU22611	1624.53	38.50	94.00	366.442489	1.086465  2023-01-20  355.370  DATA/tension_20230131_104907.log	 2022/12/01  359.20
K.Ream  	13-01-2023 15:54:25	MSU22641	1624.00	38.50	92.33	353.33		1.062874  2023-01-05  342.855  DATA/tension_20230113_162017.log	 2022/12/14  348.00
K.Ream  	13-01-2023 15:15:40	MSU23137	1624.44	38.50	92.67	356.08		1.068012  2023-01-05  345.385  DATA/tension_20230113_162017.log	 2022/12/09  355.45
K.Ream  	31-01-2023 10:41:34	MSU23149	1624.45	38.50	92.33	353.528451	1.063460  2023-01-20  342.855  DATA/tension_20230131_104907.log	 2022/12/09  351.72
K.Ream  	01-02-2023 09:33:16	MSU23151	1624.27	38.50	92.33	353.450109	1.063224  2023-01-26  342.855  DATA/tension_20230201_101559.log	 2022/12/09  344.31
K.Ream  	31-01-2023 09:41:48	MSU23156	1624.68	38.50	93.67	363.915408	1.082070  2023-01-20  352.879  DATA/tension_20230131_104907.log	 2022/12/09  359.20
Saarthak	15-02-2023 12:40:55	MSU23168	1624.72	38.50	91.33	346.027261	1.050158  2023-01-20  335.469  DATA/tension_20230215_135738.log	 2022/12/09  344.31
Saarthak	15-02-2023 12:20:21	MSU23189	1624.25	38.50	92.67	355.997935	1.067762  2023-01-26  345.385  DATA/tension_20230215_135738.log	 2023/01/17  348.00
Saarthak	15-02-2023 12:25:29	MSU23197	1624.60	38.50	91.00	343.455383	1.045466  2023-01-26  333.049  DATA/tension_20230215_135738.log	 2023/01/10  340.64
K.Ream  	31-01-2023 09:48:28	MSU23198	1624.40	38.50	91.67	348.420328	1.054287  2023-01-20  337.971  DATA/tension_20230131_104907.log	 2023/01/10  344.31
K.Ream  	31-01-2023 09:34:07	MSU23199	1624.47	38.50	92.33	353.537157	1.063486  2023-01-20  342.855  DATA/tension_20230131_104907.log	 2023/01/10  351.72
K.Ream  	31-01-2023 09:53:39	MSU23206	1624.66	38.50	92.00	351.071258	1.059176  2023-01-20  340.409  DATA/tension_20230131_104907.log	 2023/01/10  344.31
K.Ream  	31-01-2023 10:14:05	MSU23207	1624.50	38.50	91.33	345.933557	1.049874  2023-01-20  335.469  DATA/tension_20230131_104907.log	 2023/01/10  340.64
Saarthak	15-02-2023 13:44:43	MSU23208	1624.41	38.50	90.67	340.864091	1.040694  2023-01-20  330.638  DATA/tension_20230215_135738.log	 2023/01/10  344.31
K.Ream  	31-01-2023 09:39:41	MSU23210	1624.39	38.50	92.00	350.954580	1.058824  2023-01-20  340.409  DATA/tension_20230131_104907.log	 2023/01/10  348.00
K.Ream  	31-01-2023 09:40:15	MSU23211	1624.53	38.50	91.67	348.476098	1.054456  2023-01-20  337.971  DATA/tension_20230131_104907.log	 2023/01/10  340.64
K.Ream  	31-01-2023 10:23:42	MSU23213	1624.56	38.50	92.33	353.576331	1.063604  2023-01-20  342.855  DATA/tension_20230131_104907.log	 2023/01/10  348.00
K.Ream  	31-01-2023 09:50:50	MSU23222	1624.62	38.50	93.67	363.888530	1.081990  2023-01-20  352.879  DATA/tension_20230131_104907.log	 2023/01/09  359.20
K.Ream  	31-01-2023 09:39:11	MSU23223	1624.72	38.50	93.00	358.771218	1.072953  2023-01-20  347.849  DATA/tension_20230131_104907.log	 2023/01/09  355.45
Saarthak	15-02-2023 12:22:52	MSU23224	1624.41	38.50	92.00	350.963222	1.058850  2023-01-26  340.409  DATA/tension_20230215_135738.log	 2023/01/09  348.00
K.Ream  	31-01-2023 10:10:48	MSU23228	1624.64	38.50	92.33	353.611155	1.063709  2023-01-20  342.855  DATA/tension_20230131_104907.log	 2023/01/09  351.72
K.Ream  	31-01-2023 09:50:20	MSU23229	1624.54	38.50	91.67	348.480388	1.054469  2023-01-20  337.971  DATA/tension_20230131_104907.log	 2023/01/10  344.31
K.Ream  	31-01-2023 10:07:53	MSU23240	1624.68	38.50	93.33	361.329872	1.077482  2023-01-20  350.322  DATA/tension_20230131_104907.log	 2023/01/12  355.45
Saarthak	15-02-2023 12:27:38	MSU23242	1624.34	38.50	92.33	353.480574	1.063316  2023-01-20  342.855  DATA/tension_20230215_135738.log	 2023/01/13  344.31
K.Ream  	31-01-2023 10:15:29	MSU23243	1624.50	38.50	91.33	345.933557	1.049874  2023-01-20  335.469  DATA/tension_20230131_104907.log	 2023/01/12  344.31
K.Ream  	31-01-2023 10:46:00	MSU23245	1624.56	38.50	91.67	348.488969	1.054495  2023-01-20  337.971  DATA/tension_20230131_104907.log	 2023/01/13  340.64
K.Ream  	01-02-2023 09:25:13	MSU23248	1624.45	38.50	92.33	353.528451	1.063460  2023-01-26  342.855  DATA/tension_20230201_101559.log	 2023/01/13  348.00
Saarthak	15-02-2023 12:21:00	MSU23250	1624.47	38.50	92.00	350.989149	1.058928  2023-01-26  340.409  DATA/tension_20230215_135738.log	 2023/01/13  344.31
Saarthak	15-02-2023 12:21:43	MSU23253	1624.44	38.50	92.33	353.524099	1.063447  2023-01-26  342.855  DATA/tension_20230215_135738.log	 2023/01/13  348.00
Saarthak	15-02-2023 13:08:20	MSU23254	1624.33	38.50	92.33	353.476222	1.063303  2023-02-03  342.855  DATA/tension_20230215_135738.log	 2023/01/13  348.00
Saarthak	15-02-2023 12:22:16	MSU23255	1624.53	38.50	92.00	351.015077	1.059007  2023-01-26  340.409  DATA/tension_20230215_135738.log	 2023/01/13  348.00
Saarthak	15-02-2023 12:56:46	MSU23272	1624.32	38.50	91.67	348.386010	1.054184  2023-02-03  337.971  DATA/tension_20230215_135738.log	 2023/01/19  344.31
Saarthak	15-02-2023 13:18:24	MSU23273	1624.60	38.50	92.00	351.045328	1.059098  2023-02-03  340.409  DATA/tension_20230215_135738.log	 2023/01/13  344.31
Saarthak	15-02-2023 13:43:27	MSU23588	1624.49	38.50	92.33	353.545862	1.063512  2023-02-03  342.855  DATA/tension_20230215_135738.log	 2023/01/13  344.31
K.Ream  	01-02-2023 09:28:02	MSU23591	1624.42	38.50	91.67	348.428908	1.054313  2023-01-26  337.971  DATA/tension_20230201_101559.log	 2023/01/13  340.64
K.Ream  	31-01-2023 09:47:55	MSU23593	1624.72	38.50	92.67	356.203991	1.068380  2023-01-20  345.385  DATA/tension_20230131_104907.log	 2023/01/10  340.64
K.Ream  	31-01-2023 09:46:52	MSU23607	1624.56	38.50	92.00	351.028042	1.059046  2023-01-20  340.409  DATA/tension_20230131_104907.log	 2023/01/10  348.00
K.Ream  	31-01-2023 09:47:25	MSU23610	1624.89	38.50	93.00	358.846301	1.073178  2023-01-20  347.849  DATA/tension_20230131_104907.log	 2023/01/11  351.72
K.Ream  	31-01-2023 10:04:49	MSU23626	1624.41	38.50	91.67	348.424618	1.054300  2023-01-20  337.971  DATA/tension_20230131_104907.log	 2023/01/11  348.00
K.Ream  	31-01-2023 10:09:21	MSU23629	1624.41	38.50	92.00	350.963222	1.058850  2023-01-20  340.409  DATA/tension_20230131_104907.log	 2023/01/11  348.00
K.Ream  	31-01-2023 10:26:34	MSU23640	1624.44	38.50	92.00	350.976186	1.058889  2023-01-20  340.409  DATA/tension_20230131_104907.log	 2023/01/11  344.31
Saarthak	15-02-2023 13:24:23	MSU23659	1624.47	38.50	88.00	321.131849	1.004801  2023-01-20  311.451  DATA/tension_20230215_135738.log	 2023/01/11  348.00
Saarthak	15-02-2023 13:14:55	MSU23672	1624.25	38.50	92.33	353.441405	1.063198  2023-02-03  342.855  DATA/tension_20230215_135738.log	 2023/01/13  340.64
Saarthak	15-02-2023 13:16:38	MSU23673	1624.33	38.50	91.33	345.861159	1.049654  2023-02-03  335.469  DATA/tension_20230215_135738.log	 2023/01/13  336.99
K.Ream  	31-01-2023 10:35:53	MSU23677	1624.56	38.50	92.00	351.028042	1.059046  2023-01-20  340.409  DATA/tension_20230131_104907.log	 2023/01/13  348.00
K.Ream  	01-02-2023 09:29:54	MSU23678	1624.34	38.50	91.67	348.394589	1.054209  2023-01-26  337.971  DATA/tension_20230201_101559.log	 2023/01/17  344.31
K.Ream  	31-01-2023 10:39:48	MSU23680	1624.64	38.50	91.67	348.525437	1.054605  2023-01-20  337.971  DATA/tension_20230131_104907.log	 2023/01/13  344.31
Saarthak	15-02-2023 12:28:11	MSU23682	1624.26	38.50	92.33	353.445757	1.063211  2023-01-26  342.855  DATA/tension_20230215_135738.log	 2023/01/17  348.00
Saarthak	15-02-2023 12:29:18	MSU23683	1624.42	38.50	92.00	350.967543	1.058863  2023-01-20  340.409  DATA/tension_20230215_135738.log	 2023/01/13  340.64
Saarthak	15-02-2023 13:01:38	MSU23685	1624.64	38.50	92.00	351.062615	1.059150  2023-02-03  340.409  DATA/tension_20230215_135738.log	 2023/01/13  348.00
Saarthak	15-02-2023 13:39:59	MSU23688	1624.50	38.50	91.67	348.463227	1.054417  2023-02-03  337.971  DATA/tension_20230215_135738.log	 2023/01/17  340.64
Saarthak	15-02-2023 13:52:46	MSU23692	1624.40	38.50	91.33	345.890969	1.049745  2023-01-26  335.469  DATA/tension_20230215_135738.log	 2023/01/17  348.00
Saarthak	15-02-2023 13:49:20	MSU23693	1624.47	38.50	92.00	350.989149	1.058928  2023-02-03  340.409  DATA/tension_20230215_135738.log	 2023/01/13  355.45
K.Ream  	01-02-2023 09:30:27	MSU23696	1624.25	38.50	91.33	345.827092	1.049551  2023-01-26  335.469  DATA/tension_20230201_101559.log	 2023/01/17  340.64
Saarthak	15-02-2023 12:24:46	MSU23697	1624.61	38.50	91.67	348.510420	1.054560  2023-01-26  337.971  DATA/tension_20230215_135738.log	 2023/01/17  344.31
Saarthak	15-02-2023 12:26:02	MSU23700	1624.32	38.50	91.67	348.386010	1.054184  2023-01-26  337.971  DATA/tension_20230215_135738.log	 2023/01/17  340.64
Saarthak	15-02-2023 12:15:50	MSU23703	1624.62	38.50	91.00	343.463839	1.045492  2023-01-26  333.049  DATA/tension_20230215_135738.log	 2023/01/17  336.99
Saarthak	15-02-2023 13:13:43	MSU23704	1624.22	38.50	91.33	345.814317	1.049512  2023-02-03  335.469  DATA/tension_20230215_135738.log	 2023/01/13  340.64
Saarthak	15-02-2023 13:44:03	MSU23706	1624.53	38.50	93.33	361.263155	1.077283  2023-02-03  350.322  DATA/tension_20230215_135738.log	 2023/01/13  340.64
K.Ream  	31-01-2023 10:32:12	MSU23707	1624.43	38.50	91.67	348.433197	1.054326  2023-01-20  337.971  DATA/tension_20230131_104907.log	 2023/01/13  340.64
Saarthak	15-02-2023 13:07:26	MSU23708	1624.48	38.50	92.67	356.098763	1.068064  2023-02-03  345.385  DATA/tension_20230215_135738.log	 2023/01/13  344.31
K.Ream  	01-02-2023 09:27:35	MSU23709	1624.43	38.50	90.67	340.872485	1.040719  2023-01-26  330.638  DATA/tension_20230201_101559.log	 2023/01/13  340.64
Saarthak	15-02-2023 12:30:33	MSU23710	1624.65	38.50	91.33	345.997444	1.050067  2023-02-03  335.469  DATA/tension_20230215_135738.log	 2023/01/13  340.64
Saarthak	15-02-2023 12:54:42	MSU23713	1624.45	38.50	91.67	348.441777	1.054352  2023-02-03  337.971  DATA/tension_20230215_135738.log	 2023/01/13  340.64
K.Ream  	31-01-2023 10:45:20	MSU23717	1624.56	38.50	91.67	348.488969	1.054495  2023-01-20  337.971  DATA/tension_20230131_104907.log	 2023/01/13  344.31
Saarthak	15-02-2023 13:03:54	MSU23718	1624.57	38.50	91.67	348.493259	1.054508  2023-02-03  337.971  DATA/tension_20230215_135738.log	 2023/01/13  336.99
K.Ream  	31-01-2023 10:44:53	MSU23725	1624.53	38.50	91.67	348.476098	1.054456  2023-01-20  337.971  DATA/tension_20230131_104907.log	 2023/01/13  340.64
Saarthak	15-02-2023 12:59:47	MSU23735	1624.45	38.50	91.33	345.912263	1.049809  2023-02-03  335.469  DATA/tension_20230215_135738.log	 2023/01/13  340.64
Saarthak	15-02-2023 12:23:31	MSU23736	1624.51	38.50	91.67	348.467518	1.054430  2023-01-26  337.971  DATA/tension_20230215_135738.log	 2023/01/13  344.31
Saarthak	15-02-2023 12:26:32	MSU23737	1624.39	38.50	93.33	361.200891	1.077097  2023-01-26  350.322  DATA/tension_20230215_135738.log	 2023/01/13  355.45
Saarthak	15-02-2023 12:19:39	MSU23872	1624.61	38.50	92.00	351.049650	1.059111  2023-01-26  340.409  DATA/tension_20230215_135738.log	 2023/01/18  340.64
Saarthak	15-02-2023 12:27:05	MSU23897	1624.47	38.50	92.00	350.989149	1.058928  2023-01-26  340.409  DATA/tension_20230215_135738.log	 2023/01/18  344.31
Saarthak	15-02-2023 12:52:59	MSU23900	1624.56	38.50	91.67	348.488969	1.054495  2023-02-03  337.971  DATA/tension_20230215_135738.log	 2023/01/18  344.31
Saarthak	15-02-2023 13:45:16	MSU23902	1624.42	38.50	92.33	353.515394	1.063421  2023-02-03  342.855  DATA/tension_20230215_135738.log	 2023/01/18  351.72
Saarthak	15-02-2023 12:29:57	MSU23903	1624.62	38.50	91.67	348.514711	1.054573  2023-01-26  337.971  DATA/tension_20230215_135738.log	 2023/01/18  344.31
K.Ream  	01-02-2023 09:25:40	MSU23915	1624.55	38.50	91.00	343.434242	1.045402  2023-01-26  333.049  DATA/tension_20230201_101559.log	 2023/01/18  336.99
Saarthak	15-02-2023 13:40:32	MSU23918	1624.42	38.50	90.67	340.868288	1.040707  2023-02-03  330.638  DATA/tension_20230215_135738.log	 2023/01/18  336.99
Saarthak	15-02-2023 12:24:10	MSU23920	1624.26	38.50	92.00	350.898408	1.058655  2023-01-26  340.409  DATA/tension_20230215_135738.log	 2023/01/18  340.64
Saarthak	15-02-2023 13:06:55	MSU23925	1624.48	38.50	91.00	343.404647	1.045312  2023-02-03  333.049  DATA/tension_20230215_135738.log	 2023/01/18  336.99
Saarthak	15-02-2023 13:41:02	MSU23930	1624.60	38.50	91.67	348.506130	1.054547  2023-02-03  337.971  DATA/tension_20230215_135738.log	 2023/01/18  336.99
Saarthak	15-02-2023 13:13:10	MSU23936	1624.44	38.50	91.67	348.437487	1.054339  2023-02-03  337.971  DATA/tension_20230215_135738.log	 2023/01/18  340.64
Saarthak	15-02-2023 13:41:38	MSU23937	1624.55	38.50	92.33	353.571979	1.063591  2023-02-03  342.855  DATA/tension_20230215_135738.log	 2023/01/18  340.64
Saarthak	15-02-2023 13:53:19	MSU23938	1624.68	38.50	92.00	351.079902	1.059202  2023-01-26  340.409  DATA/tension_20230215_135738.log	 2023/01/18  359.20
Saarthak	15-02-2023 13:03:24	MSU23939	1624.60	38.50	92.67	356.151375	1.068222  2023-02-03  345.385  DATA/tension_20230215_135738.log	 2023/01/18  348.00
K.Ream  	01-02-2023 09:31:00	MSU23942	1624.56	38.50	92.67	356.133837	1.068169  2023-01-26  345.385  DATA/tension_20230201_101559.log	 2023/01/18  351.72
Saarthak	15-02-2023 12:19:00	MSU23945	1624.28	38.50	92.33	353.454461	1.063238  2023-01-26  342.855  DATA/tension_20230215_135738.log	 2023/01/18  348.00
Saarthak	15-02-2023 12:28:45	MSU23946	1624.28	38.50	93.00	358.576923	1.072373  2023-01-26  347.849  DATA/tension_20230215_135738.log	 2023/01/18  351.72
Saarthak	15-02-2023 12:18:11	MSU23951	1624.28	38.50	92.00	350.907050	1.058681  2023-01-26  340.409  DATA/tension_20230215_135738.log	 2023/01/18  348.00
Saarthak	15-02-2023 13:17:48	MSU23952	1624.65	38.50	91.33	345.997444	1.050067  2023-02-03  335.469  DATA/tension_20230215_135738.log	 2023/01/18  344.31
Saarthak	15-02-2023 12:15:08	MSU23953	1624.27	38.50	92.67	356.006702	1.067788  2023-01-26  345.385  DATA/tension_20230215_135738.log	 2023/01/18  351.72
Saarthak	15-02-2023 12:32:01	MSU24027	1624.43	38.50	93.67	363.803421	1.081737  2023-02-10  352.879  DATA/tension_20230215_135738.log	 2023/02/02  362.97
Saarthak	15-02-2023 12:46:15	MSU24032	1624.31	38.50	92.33	353.467518	1.063277  2023-02-10  342.855  DATA/tension_20230215_135738.log	 2023/02/02  348.00
Saarthak	15-02-2023 12:43:25	MSU24045	1624.42	38.50	92.33	353.515394	1.063421  2023-02-10  342.855  DATA/tension_20230215_135738.log	 2023/02/02  348.00
Saarthak	15-02-2023 12:31:28	MSU24060	1624.51	38.50	90.00	335.911167	1.031786  2023-02-10  325.769  DATA/tension_20230215_135738.log	 2023/02/01  336.99
Saarthak	15-02-2023 12:53:32	MSU24091	1624.19	38.50	92.67	355.971634	1.067683  2023-02-03  345.385  DATA/tension_20230215_135738.log	 2023/01/19  344.31
Saarthak	15-02-2023 13:15:32	MSU24095	1624.52	38.50	91.33	345.942075	1.049900  2023-02-03  335.469  DATA/tension_20230215_135738.log	 2023/01/19  340.64
Saarthak	15-02-2023 12:47:57	MSU24120	1624.42	38.50	91.67	348.428908	1.054313  2023-02-10  337.971  DATA/tension_20230215_135738.log	 2023/01/31  340.64
Saarthak	15-02-2023 12:42:13	MSU24123	1624.36	38.50	92.00	350.941617	1.058785  2023-02-10  340.409  DATA/tension_20230215_135738.log	 2023/01/31  348.00
Saarthak	15-02-2023 13:12:40	MSU24129	1624.44	38.50	92.33	353.524099	1.063447  2023-02-03  342.855  DATA/tension_20230215_135738.log	 2023/01/24  351.72
Saarthak	15-02-2023 12:50:43	MSU24130	1624.40	38.50	92.33	353.506689	1.063395  2023-02-03  342.855  DATA/tension_20230215_135738.log	 2023/01/25  348.00
Saarthak	15-02-2023 13:20:37	MSU24134	1624.47	38.50	91.67	348.450357	1.054378  2023-02-03  337.971  DATA/tension_20230215_135738.log	 2023/01/24  344.31
Saarthak	15-02-2023 12:48:55	MSU24138	1624.57	38.50	92.33	353.580684	1.063617  2023-02-10  342.855  DATA/tension_20230215_135738.log	 2023/01/25  351.72
Saarthak	15-02-2023 12:45:44	MSU24141	1624.23	38.50	91.67	348.347404	1.054067  2023-02-10  337.971  DATA/tension_20230215_135738.log	 2023/01/25  344.31
Saarthak	15-02-2023 12:51:20	MSU24143	1624.30	38.50	93.00	358.585753	1.072399  2023-02-03  347.849  DATA/tension_20230215_135738.log	 2023/01/27  348.00
Saarthak	15-02-2023 13:45:49	MSU24145	1624.36	38.50	90.67	340.843108	1.040630  2023-02-03  330.638  DATA/tension_20230215_135738.log	 2023/01/20  348.00
Saarthak	15-02-2023 13:42:54	MSU24154	1624.55	38.50	91.67	348.484678	1.054482  2023-01-26  337.971  DATA/tension_20230215_135738.log	 2023/01/20  344.31
Saarthak	15-02-2023 13:02:12	MSU24157	1624.45	38.50	93.00	358.651985	1.072597  2023-02-03  347.849  DATA/tension_20230215_135738.log	 2023/01/20  340.64
Saarthak	15-02-2023 13:05:49	MSU24162	1624.41	38.50	93.00	358.634323	1.072544  2023-02-03  347.849  DATA/tension_20230215_135738.log	 2023/01/20  348.00
Saarthak	15-02-2023 12:44:02	MSU24175	1624.86	38.50	92.33	353.706930	1.063996  2023-02-10  342.855  DATA/tension_20230215_135738.log	 2023/01/31  348.00
Saarthak	15-02-2023 12:51:56	MSU24184	1624.47	38.50	93.00	358.660817	1.072623  2023-02-03  347.849  DATA/tension_20230215_135738.log	 2023/01/23  351.72
Saarthak	15-02-2023 12:44:41	MSU24187	1624.51	38.50	92.33	353.554567	1.063538  2023-02-10  342.855  DATA/tension_20230215_135738.log	 2023/01/24  351.72
Saarthak	15-02-2023 12:57:25	MSU24202	1624.63	38.50	92.67	356.164529	1.068261  2023-02-03  345.385  DATA/tension_20230215_135738.log	 2023/01/20  348.00
Saarthak	15-02-2023 13:21:07	MSU24204	1624.57	38.50	91.00	343.442699	1.045428  2023-02-03  333.049  DATA/tension_20230215_135738.log	 2023/01/23  336.99
Saarthak	15-02-2023 13:51:00	MSU24205	1624.47	38.50	91.33	345.920780	1.049835  2023-02-03  335.469  DATA/tension_20230215_135738.log	 2023/01/20  344.31
E.Carpenter	10-02-2023 14:06:29	MSU24207	1624.63	38.50	91.00	343.468068	1.045505  2023-02-03  333.049  DATA/tension_20230210_145344.log	 2023/01/20  344.31
Saarthak	15-02-2023 13:06:22	MSU24217	1624.44	38.50	92.33	353.524099	1.063447  2023-02-03  342.855  DATA/tension_20230215_135738.log	 2023/01/20  344.31
Saarthak	15-02-2023 12:59:11	MSU24218	1624.22	38.50	91.00	343.294731	1.044978  2023-02-03  333.049  DATA/tension_20230215_135738.log	 2023/01/20  344.31
Saarthak	15-02-2023 13:09:38	MSU24253	1624.22	38.50	91.67	348.343115	1.054054  2023-02-03  337.971  DATA/tension_20230215_135738.log	 2023/01/23  344.31
Saarthak	15-02-2023 12:58:34	MSU24256	1624.35	38.50	92.33	353.484927	1.063329  2023-02-03  342.855  DATA/tension_20230215_135738.log	 2023/01/23  348.00
Saarthak	15-02-2023 13:10:42	MSU24258	1624.43	38.50	92.00	350.971864	1.058876  2023-02-03  340.409  DATA/tension_20230215_135738.log	 2023/01/23  348.00
Saarthak	15-02-2023 12:52:26	MSU24260	1624.58	38.50	92.00	351.036685	1.059072  2023-02-03  340.409  DATA/tension_20230215_135738.log	 2023/01/23  344.31
Saarthak	15-02-2023 13:09:05	MSU24267	1624.57	38.50	93.00	358.704975	1.072755  2023-02-03  347.849  DATA/tension_20230215_135738.log	 2023/01/23  355.45
Saarthak	15-02-2023 12:47:27	MSU24271	1624.52	38.50	93.33	361.258707	1.077269  2023-02-10  350.322  DATA/tension_20230215_135738.log	 2023/01/23  355.45
Saarthak	15-02-2023 13:52:12	MSU24281	1624.23	38.50	91.33	345.818575	1.049525  2023-02-03  335.469  DATA/tension_20230215_135738.log	 2023/01/23  344.31
Saarthak	15-02-2023 13:47:59	MSU24287	1624.26	38.50	91.33	345.831350	1.049564  2023-02-03  335.469  DATA/tension_20230215_135738.log	 2023/01/23  344.31
Saarthak	15-02-2023 13:11:21	MSU24293	1624.26	38.50	92.00	350.898408	1.058655  2023-02-03  340.409  DATA/tension_20230215_135738.log	 2023/01/23  348.00
Saarthak	15-02-2023 13:10:12	MSU24303	1624.34	38.50	93.00	358.603415	1.072452  2023-02-03  347.849  DATA/tension_20230215_135738.log	 2023/01/24  351.72
Saarthak	15-02-2023 13:02:48	MSU24304	1624.36	38.50	92.00	350.941617	1.058785  2023-02-03  340.409  DATA/tension_20230215_135738.log	 2023/01/24  344.31
Saarthak	15-02-2023 13:12:03	MSU24305	1624.50	38.50	93.00	358.674064	1.072663  2023-02-03  347.849  DATA/tension_20230215_135738.log	 2023/01/24  355.45
Saarthak	15-02-2023 12:54:06	MSU24306	1624.48	38.50	92.33	353.541509	1.063499  2023-02-03  342.855  DATA/tension_20230215_135738.log	 2023/01/24  348.00
Saarthak	15-02-2023 13:16:02	MSU24309	1624.32	38.50	92.00	350.924333	1.058733  2023-02-03  340.409  DATA/tension_20230215_135738.log	 2023/01/24  344.31
Saarthak	15-02-2023 13:14:16	MSU24317	1624.35	38.50	91.67	348.398879	1.054222  2023-02-03  337.971  DATA/tension_20230215_135738.log	 2023/01/24  340.64
Saarthak	15-02-2023 13:05:01	MSU24321	1624.17	38.50	92.67	355.962867	1.067657  2023-02-03  345.385  DATA/tension_20230215_135738.log	 2023/01/23  351.72
Saarthak	15-02-2023 13:46:25	MSU24338	1624.56	38.50	92.00	351.028042	1.059046  2023-02-03  340.409  DATA/tension_20230215_135738.log	 2023/01/25  355.45
Saarthak	15-02-2023 13:19:57	MSU24346	1624.57	38.50	92.00	351.032363	1.059059  2023-02-03  340.409  DATA/tension_20230215_135738.log	 2023/01/25  348.00
Saarthak	15-02-2023 12:33:16	MSU24369	1624.49	38.50	92.00	350.997792	1.058954  2023-02-03  340.409  DATA/tension_20230215_135738.log	 2023/01/30  336.99
Saarthak	15-02-2023 12:45:14	MSU24382	1624.57	38.50	91.00	343.442699	1.045428  2023-02-10  333.049  DATA/tension_20230215_135738.log	 2023/01/27  336.99
Saarthak	15-02-2023 13:19:30	MSU24394	1624.43	38.50	91.67	348.433197	1.054326  2023-02-03  337.971  DATA/tension_20230215_135738.log	 2023/01/25  344.31
Saarthak	15-02-2023 12:42:49	MSU24414	1624.57	38.50	91.33	345.963371	1.049964  2023-02-10  335.469  DATA/tension_20230215_135738.log	 2023/01/30  340.64
Saarthak	15-02-2023 12:38:54	MSU24417	1624.77	38.50	91.67	348.579070	1.054767  2023-02-03  337.971  DATA/tension_20230215_135738.log	 2023/01/30  340.64
Winston 	2023/01/30		MSU24419	1624.58		92.50	336.99			  2023-02-10  344.119  MSUtension_20210713.txt		 2023/01/30  336.99
Saarthak	15-02-2023 12:38:18	MSU24430	1624.55	38.50	91.67	348.484678	1.054482  2023-02-03  337.971  DATA/tension_20230215_135738.log	 2023/01/30  336.99
Saarthak	15-02-2023 12:50:13	MSU24470	1624.48	38.50	92.67	356.098763	1.068064  2023-02-10  345.385  DATA/tension_20230215_135738.log	 2023/01/27  351.72
Saarthak	15-02-2023 12:33:58	MSU24513	1624.54	38.50	92.33	353.567626	1.063578  2023-02-03  342.855  DATA/tension_20230215_135738.log	 2023/01/30  344.31
Saarthak	15-02-2023 13:42:12	MSU24514	1624.56	38.50	91.67	348.488969	1.054495  2023-02-03  337.971  DATA/tension_20230215_135738.log	 2023/01/30  340.64
Saarthak	15-02-2023 13:39:17	MSU24516	1624.64	38.50	93.00	358.735888	1.072848  2023-02-03  347.849  DATA/tension_20230215_135738.log	 2023/01/30  362.97
Saarthak	15-02-2023 12:39:36	MSU24518	1624.61	38.50	92.33	353.598096	1.063669  2023-02-03  342.855  DATA/tension_20230215_135738.log  2023/01/30  344.31
